
ROM used:   4300/32768 (13%)
            4300/32768 (13%) including unused fragments

            0.6 Average locations per line
            4.3 Average locations per statement

RAM used:   416/2048 (20%) at main() level
            443/2048 (22%) worst case

Stack used: 2 worst case (0 in main + 2 for interrupts)
Stack size: 31

Lines Stmts  %   Files
----- ----- ---  -----
   27     8   1  sensorIAv1.c
   52     0   0  sensorIAv1.h
  877     0   0  ..\..\..\..\..\..\..\Program Files (x86)\PICCDEMO\Devices\18F4550.h
  878   138  14  ..\..\..\..\..\..\..\Program Files (x86)\PICCDEMO\Drivers\usb_cdc.h
  228     0   0  ..\..\..\..\..\..\..\Program Files (x86)\PICCDEMO\Drivers\pic18_usb.h
  328     0   0  ..\..\..\..\..\..\..\Program Files (x86)\PICCDEMO\Drivers\usb_hw_layer.h
  300     0   0  ..\..\..\..\..\..\..\Program Files (x86)\PICCDEMO\Drivers\usb_desc_cdc.h
   39     0   0  ..\..\..\..\..\..\..\Program Files (x86)\PICCDEMO\Drivers\stdbool.h
 1105     0   0  ..\..\..\..\..\..\..\Program Files (x86)\PICCDEMO\Drivers\usb.h
 1193   234  23  ..\..\..\..\..\..\..\Program Files (x86)\PICCDEMO\Drivers\usb.c
  195     0   0  ..\..\..\..\..\..\..\Program Files (x86)\PICCDEMO\Drivers\stdint.h
 1518   304  30  ..\..\..\..\..\..\..\Program Files (x86)\PICCDEMO\Drivers\pic18_usb.c
  435   170  17  ..\..\..\..\..\..\..\Program Files (x86)\PICCDEMO\Drivers\string.h
   32    41   4  ..\..\..\..\..\..\..\Program Files (x86)\PICCDEMO\Drivers\stddef.h
   28   109  11  ..\..\..\..\..\..\..\Program Files (x86)\PICCDEMO\Drivers\ctype.h
----- -----
 7235  1004 Total

Page ROM  %  RAM    Vol Diff  Functions:
---- --- --- ---    --- ----  ----------
0     38   0    1             @delay_ms1
0     62   1    0             @const734
0     32   0    0             @const856
0     32   0    0             @const859
0     48   1    0             @const862
0     48   1    0             @const865
0     84   1    0             @const868
0     18   0    0             @const871
0     24   0    0             @const874
0     34   0    0             @const879
0     30   0    5             @MUL1616
0     78   1    4    139  4.3  usb_tbe
0     36   0    1    172  3.4  usb_detach
0     46   1    0    236  2.3  usb_attach
0      6   0    0     16  1.0  usb_init_cs
0     50   1    1    388  5.2  usb_task
0     14   0    0     61  2.5  usb_init
0    304   4   10    976  5.9  usb_flush_in
0    152   2   10    344  6.1  usb_put_packet
0    228   3    9    914  5.0  usb_flush_out
0     56   1    3     66  2.7  usb_rx_packet_size
0     90   1    6    264  4.6  usb_stall_ep
0    110   1    6    329  4.7  usb_unstall_ep
0    106   1    5    373  6.0  usb_endpoint_stalled
0     22   0    1     94  2.7  usb_set_address
0    422   5   12   1785 11.3  usb_set_configured
0     96   1    5    199  3.2  usb_disable_endpoint
0     22   0    1     99  3.0  usb_disable_endpoints
0      4   0    0     61  4.0  usb_clear_trn
0    114   1    2    656  6.8  usb_isr
0      6   0    0     39  2.0  usb_isr_sof
0     48   1    0    450  4.3  usb_isr_rst
0     42   0    2    458  4.4  usb_init_ep0_setup
0      8   0    0     74  2.8  usb_isr_uerr
0     10   0    0     88  2.5  usb_isr_uidle
0     18   0    0    149  3.5  usb_isr_activity
0     14   0    0    151  3.9  usb_isr_stall
0      6   0    1     30  1.7  usb_request_send_response
0      6   0    0     22  1.2  usb_request_get_data
0      4   0    0     22  1.2  usb_request_stall
0    202   2    3   3308  9.3  usb_isr_tok_dne
0     44   1    3    273  4.0  usb_token_reset
0     66   1    3    305  7.1  usb_endpoint_is_valid
0     34   0    1    212  3.1  usb_isr_tok_in_dne
0     18   0    1    115  2.5  usb_isr_tok_out_dne
0     50   1    0    375  6.4  usb_isr_tok_setup_dne
0    170   2    0   1454  8.3  usb_isr_tkn_setup_StandardDevice
0    140   2    3    933  7.7  usb_isr_tkn_setup_StandardInterface
0     94   1    0    753  5.8  usb_isr_tkn_setup_StandardEndpoint
0    180   2    1   1248 10.7  usb_Get_Descriptor
0     14   0    0     76  1.8  usb_finish_set_address
0    120   1    4    624  8.9  usb_copy_desc_seg_to_ep
0     64   1    0    302  6.2  usb_isr_tok_out_cdc_control_dne
0    144   2    2   1200  8.6  usb_isr_tkn_cdc
0     24   0    0    174  3.6  usb_isr_tok_out_cdc_data_dne
0      6   0    0     81  0.9  usb_isr_tok_in_cdc_data_dne
0     36   0    0    106  2.9  usb_cdc_flush_tx_buffer
0     60   1    4    280  2.3  usb_cdc_init
0     14   0    0     59  2.3  usb_cdc_get_discard
0     82   1    1    134  2.2  MAIN
 Inline         0             @cinit1

Program metrics:
    Functions               49
    Statements              1004
    Comments                6793
    Volume (V)              37956
    Difficulty (D)          220.8
    Effort to implement (E) 8379498
    Time to implement (T)   129 hours, 19 minutes
    Est Delivered Bugs (B)  14
    Cyclomatic Complexity   118
    Maintainability (MI)    58

 Segment     Used  Free
-----------  ----  ----
00000-00002     4  0  
00004-00006     4  0  
00008-000AC   166  0  
000AE-07FFE  4126  28468  



